2024-11-26 04:48:48,891 - INFO - Connecting...
2024-11-26 04:48:48,892 - INFO - Connected! Production DC2 - IPv4
2024-11-26 04:48:48,893 - INFO - NetworkTask started
2024-11-26 04:48:49,598 - INFO - Session initialized: Layer 158
2024-11-26 04:48:49,599 - INFO - Device: CPython 3.12.5 - Pyrogram 2.0.106
2024-11-26 04:48:49,599 - INFO - System: Windows 11 (en)
2024-11-26 04:48:49,599 - INFO - Session started
2024-11-26 04:48:49,601 - INFO - PingTask started
2024-11-26 04:48:49,787 - INFO - Started 16 HandlerTasks
2024-11-26 04:48:49,985 - INFO - Saved last_saved_id: 46
2024-11-26 04:48:49,995 - INFO - Stopped 16 HandlerTasks
2024-11-26 04:48:49,995 - INFO - PingTask stopped
2024-11-26 04:48:49,996 - INFO - NetworkTask stopped
2024-11-26 04:48:49,996 - INFO - Disconnected
2024-11-26 04:48:49,996 - INFO - Session stopped
2024-11-26 04:51:05,989 - INFO - Connecting...
2024-11-26 04:51:05,990 - INFO - Connected! Production DC2 - IPv4
2024-11-26 04:51:05,990 - INFO - NetworkTask started
2024-11-26 04:51:06,710 - INFO - Session initialized: Layer 158
2024-11-26 04:51:06,710 - INFO - Device: CPython 3.12.5 - Pyrogram 2.0.106
2024-11-26 04:51:06,710 - INFO - System: Windows 11 (en)
2024-11-26 04:51:06,710 - INFO - Session started
2024-11-26 04:51:06,713 - INFO - PingTask started
2024-11-26 04:51:06,970 - INFO - Started 16 HandlerTasks
2024-11-26 04:51:08,364 - INFO - Processed message ID: 46, Sentiment: POSITIVE, Topic: еда
2024-11-26 04:51:09,509 - INFO - Processed message ID: 45, Sentiment: NEGATIVE, Topic: еда
2024-11-26 04:51:10,602 - INFO - Processed message ID: 43, Sentiment: POSITIVE, Topic: еда
2024-11-26 04:51:11,706 - INFO - Processed message ID: 42, Sentiment: POSITIVE, Topic: еда
2024-11-26 04:51:12,830 - INFO - Processed message ID: 41, Sentiment: POSITIVE, Topic: еда
2024-11-26 04:51:14,075 - INFO - Processed message ID: 35, Sentiment: POSITIVE, Topic: спорт
2024-11-26 04:51:15,303 - INFO - Processed message ID: 34, Sentiment: NEGATIVE, Topic: еда
2024-11-26 04:51:16,397 - INFO - Processed message ID: 25, Sentiment: POSITIVE, Topic: еда
2024-11-26 04:51:17,491 - INFO - Processed message ID: 24, Sentiment: NEGATIVE, Topic: еда
2024-11-26 04:51:18,615 - INFO - Processed message ID: 23, Sentiment: POSITIVE, Topic: путешествия
2024-11-26 04:51:20,520 - INFO - Processed message ID: 22, Sentiment: NEGATIVE, Topic: мода
2024-11-26 04:51:21,864 - INFO - Processed message ID: 20, Sentiment: POSITIVE, Topic: еда
2024-11-26 04:51:23,278 - INFO - Processed message ID: 19, Sentiment: POSITIVE, Topic: политика
2024-11-26 04:51:24,490 - INFO - Processed message ID: 18, Sentiment: POSITIVE, Topic: еда
2024-11-26 04:51:26,246 - INFO - Processed message ID: 17, Sentiment: NEGATIVE, Topic: технологии
2024-11-26 04:51:27,570 - INFO - Processed message ID: 16, Sentiment: POSITIVE, Topic: мода
2024-11-26 04:51:28,852 - INFO - Processed message ID: 15, Sentiment: POSITIVE, Topic: мода
2024-11-26 04:51:30,400 - INFO - Processed message ID: 14, Sentiment: NEGATIVE, Topic: еда
2024-11-26 04:51:32,162 - INFO - Processed message ID: 13, Sentiment: NEGATIVE, Topic: политика
2024-11-26 04:51:33,784 - INFO - Processed message ID: 11, Sentiment: POSITIVE, Topic: еда
2024-11-26 04:51:35,134 - INFO - Processed message ID: 10, Sentiment: POSITIVE, Topic: еда
2024-11-26 04:51:36,573 - INFO - Processed message ID: 9, Sentiment: NEGATIVE, Topic: еда
2024-11-26 04:51:38,310 - INFO - Processed message ID: 8, Sentiment: NEGATIVE, Topic: еда
2024-11-26 04:51:39,801 - INFO - Processed message ID: 7, Sentiment: POSITIVE, Topic: путешествия
2024-11-26 04:51:41,099 - INFO - Processed message ID: 6, Sentiment: POSITIVE, Topic: еда
2024-11-26 04:51:42,337 - INFO - Processed message ID: 3, Sentiment: POSITIVE, Topic: еда
2024-11-26 04:51:43,992 - INFO - Processed message ID: 2, Sentiment: POSITIVE, Topic: путешествия
2024-11-26 04:51:43,993 - INFO - NetworkTask stopped
2024-11-26 04:51:43,993 - INFO - PingTask stopped
2024-11-26 04:51:43,994 - INFO - Disconnected
2024-11-26 04:51:43,994 - INFO - Session stopped
2024-11-26 04:51:43,995 - INFO - Connecting...
2024-11-26 04:51:43,995 - INFO - Connected! Production DC2 - IPv4
2024-11-26 04:51:43,995 - INFO - NetworkTask started
2024-11-26 04:51:44,520 - INFO - Saved last_saved_id: 46
2024-11-26 04:51:44,538 - INFO - Stopped 16 HandlerTasks
2024-11-26 04:51:44,539 - INFO - NetworkTask stopped
2024-11-26 04:51:44,539 - INFO - Disconnected
2024-11-26 04:51:44,539 - INFO - Session stopped
2024-11-26 04:58:56,818 - INFO - Connecting...
2024-11-26 04:58:56,819 - INFO - Connected! Production DC2 - IPv4
2024-11-26 04:58:56,820 - INFO - NetworkTask started
2024-11-26 04:58:57,541 - INFO - Session initialized: Layer 158
2024-11-26 04:58:57,541 - INFO - Device: CPython 3.12.5 - Pyrogram 2.0.106
2024-11-26 04:58:57,541 - INFO - System: Windows 11 (en)
2024-11-26 04:58:57,541 - INFO - Session started
2024-11-26 04:58:57,544 - INFO - PingTask started
2024-11-26 04:58:57,747 - INFO - Started 16 HandlerTasks
2024-11-26 04:58:59,107 - INFO - Processed message ID: 46, Sentiment: POSITIVE, Topic: еда
2024-11-26 04:59:00,210 - INFO - Processed message ID: 45, Sentiment: NEGATIVE, Topic: еда
2024-11-26 04:59:01,293 - INFO - Processed message ID: 43, Sentiment: POSITIVE, Topic: еда
2024-11-26 04:59:02,392 - INFO - Processed message ID: 42, Sentiment: POSITIVE, Topic: еда
2024-11-26 04:59:03,504 - INFO - Processed message ID: 41, Sentiment: POSITIVE, Topic: еда
2024-11-26 04:59:04,724 - INFO - Processed message ID: 35, Sentiment: POSITIVE, Topic: спорт
2024-11-26 04:59:05,915 - INFO - Processed message ID: 34, Sentiment: NEGATIVE, Topic: еда
2024-11-26 04:59:07,028 - INFO - Processed message ID: 25, Sentiment: POSITIVE, Topic: еда
2024-11-26 04:59:08,130 - INFO - Processed message ID: 24, Sentiment: NEGATIVE, Topic: еда
2024-11-26 04:59:09,285 - INFO - Processed message ID: 23, Sentiment: POSITIVE, Topic: путешествия
2024-11-26 04:59:11,141 - INFO - Processed message ID: 22, Sentiment: NEGATIVE, Topic: мода
2024-11-26 04:59:12,475 - INFO - Processed message ID: 20, Sentiment: POSITIVE, Topic: еда
2024-11-26 04:59:13,908 - INFO - Processed message ID: 19, Sentiment: POSITIVE, Topic: политика
2024-11-26 04:59:15,141 - INFO - Processed message ID: 18, Sentiment: POSITIVE, Topic: еда
2024-11-26 04:59:16,916 - INFO - Processed message ID: 17, Sentiment: NEGATIVE, Topic: технологии
2024-11-26 04:59:18,210 - INFO - Processed message ID: 16, Sentiment: POSITIVE, Topic: мода
2024-11-26 04:59:19,506 - INFO - Processed message ID: 15, Sentiment: POSITIVE, Topic: мода
2024-11-26 04:59:21,082 - INFO - Processed message ID: 14, Sentiment: NEGATIVE, Topic: еда
2024-11-26 04:59:22,895 - INFO - Processed message ID: 13, Sentiment: NEGATIVE, Topic: политика
2024-11-26 04:59:24,466 - INFO - Processed message ID: 11, Sentiment: POSITIVE, Topic: еда
2024-11-26 04:59:25,793 - INFO - Processed message ID: 10, Sentiment: POSITIVE, Topic: еда
2024-11-26 04:59:27,217 - INFO - Processed message ID: 9, Sentiment: NEGATIVE, Topic: еда
2024-11-26 04:59:28,925 - INFO - Processed message ID: 8, Sentiment: NEGATIVE, Topic: еда
2024-11-26 04:59:30,339 - INFO - Processed message ID: 7, Sentiment: POSITIVE, Topic: путешествия
2024-11-26 04:59:31,607 - INFO - Processed message ID: 6, Sentiment: POSITIVE, Topic: еда
2024-11-26 04:59:32,811 - INFO - Processed message ID: 3, Sentiment: POSITIVE, Topic: еда
2024-11-26 04:59:34,458 - INFO - Processed message ID: 2, Sentiment: POSITIVE, Topic: путешествия
2024-11-26 04:59:34,459 - INFO - NetworkTask stopped
2024-11-26 04:59:34,460 - INFO - PingTask stopped
2024-11-26 04:59:34,460 - INFO - Disconnected
2024-11-26 04:59:34,460 - INFO - Session stopped
2024-11-26 04:59:34,461 - INFO - Connecting...
2024-11-26 04:59:34,461 - INFO - Connected! Production DC2 - IPv4
2024-11-26 04:59:34,461 - INFO - NetworkTask started
2024-11-26 04:59:34,996 - INFO - Saved last_saved_id: 46
2024-11-26 04:59:35,006 - INFO - Stopped 16 HandlerTasks
2024-11-26 04:59:35,007 - INFO - NetworkTask stopped
2024-11-26 04:59:35,007 - INFO - Disconnected
2024-11-26 04:59:35,007 - INFO - Session stopped
2024-11-26 05:02:41,400 - INFO - Connecting...
2024-11-26 05:02:41,401 - INFO - Connected! Production DC2 - IPv4
2024-11-26 05:02:41,402 - INFO - NetworkTask started
2024-11-26 05:02:42,145 - INFO - Session initialized: Layer 158
2024-11-26 05:02:42,145 - INFO - Device: CPython 3.12.5 - Pyrogram 2.0.106
2024-11-26 05:02:42,145 - INFO - System: Windows 11 (en)
2024-11-26 05:02:42,145 - INFO - Session started
2024-11-26 05:02:42,147 - INFO - PingTask started
2024-11-26 05:02:42,381 - INFO - Started 16 HandlerTasks
2024-11-26 05:02:43,715 - INFO - Processed message ID: 46, Sentiment: POSITIVE, Topic: еда
2024-11-26 05:02:44,804 - INFO - Processed message ID: 45, Sentiment: NEGATIVE, Topic: еда
2024-11-26 05:02:45,886 - INFO - Processed message ID: 43, Sentiment: POSITIVE, Topic: еда
2024-11-26 05:02:47,008 - INFO - Processed message ID: 42, Sentiment: POSITIVE, Topic: еда
2024-11-26 05:02:48,111 - INFO - Processed message ID: 41, Sentiment: POSITIVE, Topic: еда
2024-11-26 05:02:49,336 - INFO - Processed message ID: 35, Sentiment: POSITIVE, Topic: спорт
2024-11-26 05:02:50,496 - INFO - Processed message ID: 34, Sentiment: NEGATIVE, Topic: еда
2024-11-26 05:02:51,562 - INFO - Processed message ID: 25, Sentiment: POSITIVE, Topic: еда
2024-11-26 05:02:52,668 - INFO - Processed message ID: 24, Sentiment: NEGATIVE, Topic: еда
2024-11-26 05:02:53,802 - INFO - Processed message ID: 23, Sentiment: POSITIVE, Topic: путешествия
2024-11-26 05:02:55,662 - INFO - Processed message ID: 22, Sentiment: NEGATIVE, Topic: мода
2024-11-26 05:02:56,999 - INFO - Processed message ID: 20, Sentiment: POSITIVE, Topic: еда
2024-11-26 05:02:58,408 - INFO - Processed message ID: 19, Sentiment: POSITIVE, Topic: политика
2024-11-26 05:02:59,718 - INFO - Processed message ID: 18, Sentiment: POSITIVE, Topic: еда
2024-11-26 05:03:01,490 - INFO - Processed message ID: 17, Sentiment: NEGATIVE, Topic: технологии
2024-11-26 05:03:02,808 - INFO - Processed message ID: 16, Sentiment: POSITIVE, Topic: мода
2024-11-26 05:03:04,134 - INFO - Processed message ID: 15, Sentiment: POSITIVE, Topic: мода
2024-11-26 05:03:05,687 - INFO - Processed message ID: 14, Sentiment: NEGATIVE, Topic: еда
2024-11-26 05:03:07,447 - INFO - Processed message ID: 13, Sentiment: NEGATIVE, Topic: политика
2024-11-26 05:03:09,003 - INFO - Processed message ID: 11, Sentiment: POSITIVE, Topic: еда
2024-11-26 05:03:10,361 - INFO - Processed message ID: 10, Sentiment: POSITIVE, Topic: еда
2024-11-26 05:03:11,775 - INFO - Processed message ID: 9, Sentiment: NEGATIVE, Topic: еда
2024-11-26 05:03:13,552 - INFO - Processed message ID: 8, Sentiment: NEGATIVE, Topic: еда
2024-11-26 05:03:14,961 - INFO - Processed message ID: 7, Sentiment: POSITIVE, Topic: путешествия
2024-11-26 05:03:16,202 - INFO - Processed message ID: 6, Sentiment: POSITIVE, Topic: еда
2024-11-26 05:03:17,476 - INFO - Processed message ID: 3, Sentiment: POSITIVE, Topic: еда
2024-11-26 05:03:19,095 - INFO - Processed message ID: 2, Sentiment: POSITIVE, Topic: путешествия
2024-11-26 05:03:19,096 - INFO - NetworkTask stopped
2024-11-26 05:03:19,097 - INFO - PingTask stopped
2024-11-26 05:03:19,097 - INFO - Disconnected
2024-11-26 05:03:19,097 - INFO - Session stopped
2024-11-26 05:03:19,098 - INFO - Connecting...
2024-11-26 05:03:19,098 - INFO - Connected! Production DC2 - IPv4
2024-11-26 05:03:19,098 - INFO - NetworkTask started
2024-11-26 05:03:19,634 - INFO - Saved last_saved_id: 46
2024-11-26 05:03:19,643 - INFO - Stopped 16 HandlerTasks
2024-11-26 05:03:19,644 - INFO - NetworkTask stopped
2024-11-26 05:03:19,645 - INFO - Disconnected
2024-11-26 05:03:19,645 - INFO - Session stopped
2024-11-26 05:09:23,127 - INFO - Connecting...
2024-11-26 05:09:23,128 - INFO - Connected! Production DC2 - IPv4
2024-11-26 05:09:23,128 - INFO - NetworkTask started
2024-11-26 05:09:23,842 - INFO - Session initialized: Layer 158
2024-11-26 05:09:23,842 - INFO - Device: CPython 3.12.5 - Pyrogram 2.0.106
2024-11-26 05:09:23,842 - INFO - System: Windows 11 (en)
2024-11-26 05:09:23,842 - INFO - Session started
2024-11-26 05:09:23,845 - INFO - PingTask started
2024-11-26 05:09:24,059 - INFO - Started 16 HandlerTasks
2024-11-26 05:09:25,387 - INFO - Processed message ID: 57, Sentiment: POSITIVE, Topic: еда
2024-11-26 05:09:26,389 - INFO - Current CPU usage: 6.2%
2024-11-26 05:09:32,678 - INFO - Processed message ID: 56, Sentiment: POSITIVE, Topic: политика
2024-11-26 05:09:33,679 - INFO - Current CPU usage: 5.7%
2024-11-26 05:09:39,724 - INFO - Processed message ID: 55, Sentiment: POSITIVE, Topic: еда
2024-11-26 05:09:40,724 - INFO - Current CPU usage: 5.5%
2024-11-26 05:09:46,838 - INFO - Processed message ID: 54, Sentiment: NEGATIVE, Topic: еда
2024-11-26 05:09:47,839 - INFO - Current CPU usage: 5.9%
2024-11-26 05:09:54,142 - INFO - Processed message ID: 53, Sentiment: NEGATIVE, Topic: еда
2024-11-26 05:09:55,143 - INFO - Current CPU usage: 5.6%
2024-11-26 05:10:01,614 - INFO - Processed message ID: 52, Sentiment: NEGATIVE, Topic: еда
2024-11-26 05:10:02,615 - INFO - Current CPU usage: 5.0%
2024-11-26 05:10:08,815 - INFO - Processed message ID: 51, Sentiment: POSITIVE, Topic: спорт
2024-11-26 05:10:09,816 - INFO - Current CPU usage: 7.2%
2024-11-26 05:10:15,850 - INFO - Processed message ID: 50, Sentiment: POSITIVE, Topic: еда
2024-11-26 05:10:16,851 - INFO - Current CPU usage: 5.9%
2024-11-26 05:10:23,058 - INFO - Processed message ID: 49, Sentiment: NEGATIVE, Topic: мода
2024-11-26 05:10:24,060 - INFO - Current CPU usage: 6.4%
2024-11-26 05:10:30,144 - INFO - Processed message ID: 46, Sentiment: POSITIVE, Topic: еда
2024-11-26 05:10:31,145 - INFO - Current CPU usage: 6.0%
2024-11-26 05:10:37,244 - INFO - Processed message ID: 45, Sentiment: NEGATIVE, Topic: еда
2024-11-26 05:10:38,245 - INFO - Current CPU usage: 5.1%
2024-11-26 05:10:44,360 - INFO - Processed message ID: 43, Sentiment: POSITIVE, Topic: еда
2024-11-26 05:10:45,362 - INFO - Current CPU usage: 5.6%
2024-11-26 05:10:51,475 - INFO - Processed message ID: 42, Sentiment: POSITIVE, Topic: еда
2024-11-26 05:10:52,476 - INFO - Current CPU usage: 5.7%
2024-11-26 05:10:58,579 - INFO - Processed message ID: 41, Sentiment: POSITIVE, Topic: еда
2024-11-26 05:10:59,580 - INFO - Current CPU usage: 6.4%
2024-11-26 05:11:05,800 - INFO - Processed message ID: 35, Sentiment: POSITIVE, Topic: спорт
2024-11-26 05:11:06,801 - INFO - Current CPU usage: 5.8%
2024-11-26 05:11:13,004 - INFO - Processed message ID: 34, Sentiment: NEGATIVE, Topic: еда
2024-11-26 05:11:14,005 - INFO - Current CPU usage: 6.9%
2024-11-26 05:11:20,065 - INFO - Processed message ID: 25, Sentiment: POSITIVE, Topic: еда
2024-11-26 05:11:21,067 - INFO - Current CPU usage: 6.0%
2024-11-26 05:11:27,185 - INFO - Processed message ID: 24, Sentiment: NEGATIVE, Topic: еда
2024-11-26 05:11:28,186 - INFO - Current CPU usage: 5.5%
2024-11-26 05:11:34,252 - INFO - Processed message ID: 23, Sentiment: POSITIVE, Topic: путешествия
2024-11-26 05:11:35,252 - INFO - Current CPU usage: 5.9%
2024-11-26 05:11:41,770 - INFO - Processed message ID: 22, Sentiment: NEGATIVE, Topic: мода
2024-11-26 05:11:42,771 - INFO - Current CPU usage: 5.3%
2024-11-26 05:11:48,889 - INFO - Processed message ID: 20, Sentiment: POSITIVE, Topic: еда
2024-11-26 05:11:49,889 - INFO - Current CPU usage: 5.7%
2024-11-26 05:11:56,083 - INFO - Processed message ID: 19, Sentiment: POSITIVE, Topic: политика
2024-11-26 05:11:57,084 - INFO - Current CPU usage: 5.8%
2024-11-26 05:12:03,112 - INFO - Processed message ID: 18, Sentiment: POSITIVE, Topic: еда
2024-11-26 05:12:04,112 - INFO - Current CPU usage: 3.4%
2024-11-26 05:12:10,562 - INFO - Processed message ID: 17, Sentiment: NEGATIVE, Topic: технологии
2024-11-26 05:12:11,563 - INFO - Current CPU usage: 5.1%
2024-11-26 05:12:17,666 - INFO - Processed message ID: 16, Sentiment: POSITIVE, Topic: мода
2024-11-26 05:12:18,667 - INFO - Current CPU usage: 6.1%
2024-11-26 05:12:24,724 - INFO - Processed message ID: 15, Sentiment: POSITIVE, Topic: мода
2024-11-26 05:12:25,725 - INFO - Current CPU usage: 7.6%
2024-11-26 05:12:32,005 - INFO - Processed message ID: 14, Sentiment: NEGATIVE, Topic: еда
2024-11-26 05:12:33,006 - INFO - Current CPU usage: 6.1%
2024-11-26 05:12:39,447 - INFO - Processed message ID: 13, Sentiment: NEGATIVE, Topic: политика
2024-11-26 05:12:40,448 - INFO - Current CPU usage: 6.6%
2024-11-26 05:12:46,735 - INFO - Processed message ID: 11, Sentiment: POSITIVE, Topic: еда
2024-11-26 05:12:47,736 - INFO - Current CPU usage: 5.7%
2024-11-26 05:12:53,868 - INFO - Processed message ID: 10, Sentiment: POSITIVE, Topic: еда
2024-11-26 05:12:54,869 - INFO - Current CPU usage: 5.6%
2024-11-26 05:13:01,065 - INFO - Processed message ID: 9, Sentiment: NEGATIVE, Topic: еда
2024-11-26 05:13:02,066 - INFO - Current CPU usage: 5.6%
2024-11-26 05:13:08,519 - INFO - Processed message ID: 8, Sentiment: NEGATIVE, Topic: еда
2024-11-26 05:13:09,520 - INFO - Current CPU usage: 5.2%
2024-11-26 05:13:15,736 - INFO - Processed message ID: 7, Sentiment: POSITIVE, Topic: путешествия
2024-11-26 05:13:16,737 - INFO - Current CPU usage: 5.7%
2024-11-26 05:13:22,784 - INFO - Processed message ID: 6, Sentiment: POSITIVE, Topic: еда
2024-11-26 05:13:23,784 - INFO - Current CPU usage: 7.0%
2024-11-26 05:13:29,828 - INFO - Processed message ID: 3, Sentiment: POSITIVE, Topic: еда
2024-11-26 05:13:30,829 - INFO - Current CPU usage: 7.4%
2024-11-26 05:13:37,179 - INFO - Processed message ID: 2, Sentiment: POSITIVE, Topic: путешествия
2024-11-26 05:13:38,180 - INFO - Current CPU usage: 3.1%
2024-11-26 05:13:43,181 - INFO - NetworkTask stopped
2024-11-26 05:13:43,181 - INFO - PingTask stopped
2024-11-26 05:13:43,181 - INFO - Disconnected
2024-11-26 05:13:43,181 - INFO - Session stopped
2024-11-26 05:13:43,182 - INFO - Connecting...
2024-11-26 05:13:43,182 - INFO - Connected! Production DC2 - IPv4
2024-11-26 05:13:43,182 - INFO - NetworkTask started
2024-11-26 05:13:43,729 - INFO - Saved last_saved_id: 57
2024-11-26 05:13:43,746 - INFO - Stopped 16 HandlerTasks
2024-11-26 05:13:43,747 - INFO - Discarding packet: The msg_id is lower than all the stored values
2024-11-26 05:13:43,747 - INFO - Disconnected
2024-11-26 05:13:43,747 - INFO - NetworkTask stopped
2024-11-26 05:13:43,747 - INFO - Disconnected
2024-11-26 05:13:43,747 - INFO - Send exception: ConnectionResetError Connection lost
2024-11-26 05:13:43,747 - INFO - Disconnected
2024-11-26 05:13:43,747 - INFO - Session stopped
2024-11-26 05:13:43,747 - INFO - Connecting...
2024-11-26 05:13:43,747 - INFO - Session stopped
2024-11-26 05:16:21,272 - INFO - Connecting...
2024-11-26 05:16:21,273 - INFO - Connected! Production DC2 - IPv4
2024-11-26 05:16:21,274 - INFO - NetworkTask started
2024-11-26 05:16:21,995 - INFO - Session initialized: Layer 158
2024-11-26 05:16:21,995 - INFO - Device: CPython 3.12.5 - Pyrogram 2.0.106
2024-11-26 05:16:21,995 - INFO - System: Windows 11 (en)
2024-11-26 05:16:21,995 - INFO - Session started
2024-11-26 05:16:21,997 - INFO - PingTask started
2024-11-26 05:16:22,242 - INFO - Started 16 HandlerTasks
2024-11-26 05:16:23,566 - INFO - Processed message ID: 58, Sentiment: POSITIVE, Topic: еда
2024-11-26 05:16:24,567 - INFO - Current CPU usage: 6.6%
2024-11-26 05:16:24,567 - INFO - Processed messages: 0.0
2024-11-26 05:16:24,567 - INFO - Active users: 0.0
2024-11-26 05:16:25,677 - INFO - Processed message ID: 57, Sentiment: POSITIVE, Topic: еда
2024-11-26 05:16:26,678 - INFO - Current CPU usage: 6.4%
2024-11-26 05:16:26,678 - INFO - Processed messages: 1.0
2024-11-26 05:16:26,678 - INFO - Active users: 1.0
2024-11-26 05:16:27,933 - INFO - Processed message ID: 56, Sentiment: POSITIVE, Topic: политика
2024-11-26 05:16:28,934 - INFO - Current CPU usage: 5.2%
2024-11-26 05:16:28,934 - INFO - Processed messages: 2.0
2024-11-26 05:16:28,934 - INFO - Active users: 2.0
2024-11-26 05:16:30,012 - INFO - Processed message ID: 55, Sentiment: POSITIVE, Topic: еда
2024-11-26 05:16:31,013 - INFO - Current CPU usage: 6.0%
2024-11-26 05:16:31,013 - INFO - Processed messages: 3.0
2024-11-26 05:16:31,013 - INFO - Active users: 3.0
2024-11-26 05:16:32,109 - INFO - Processed message ID: 54, Sentiment: NEGATIVE, Topic: еда
2024-11-26 05:16:33,111 - INFO - Current CPU usage: 6.0%
2024-11-26 05:16:33,111 - INFO - Processed messages: 4.0
2024-11-26 05:16:33,111 - INFO - Active users: 4.0
2024-11-26 05:16:34,427 - INFO - Processed message ID: 53, Sentiment: NEGATIVE, Topic: еда
2024-11-26 05:16:35,429 - INFO - Current CPU usage: 5.5%
2024-11-26 05:16:35,429 - INFO - Processed messages: 5.0
2024-11-26 05:16:35,429 - INFO - Active users: 5.0
2024-11-26 05:16:36,817 - INFO - Processed message ID: 52, Sentiment: NEGATIVE, Topic: еда
2024-11-26 05:16:37,818 - INFO - Current CPU usage: 5.3%
2024-11-26 05:16:37,818 - INFO - Processed messages: 6.0
2024-11-26 05:16:37,818 - INFO - Active users: 6.0
2024-11-26 05:16:38,979 - INFO - Processed message ID: 51, Sentiment: POSITIVE, Topic: спорт
2024-11-26 05:16:39,980 - INFO - Current CPU usage: 6.9%
2024-11-26 05:16:39,980 - INFO - Processed messages: 7.0
2024-11-26 05:16:39,980 - INFO - Active users: 7.0
2024-11-26 05:16:41,017 - INFO - Processed message ID: 50, Sentiment: POSITIVE, Topic: еда
2024-11-26 05:16:42,019 - INFO - Current CPU usage: 6.9%
2024-11-26 05:16:42,019 - INFO - Processed messages: 8.0
2024-11-26 05:16:42,019 - INFO - Active users: 8.0
2024-11-26 05:16:43,193 - INFO - Processed message ID: 49, Sentiment: NEGATIVE, Topic: мода
2024-11-26 05:16:44,194 - INFO - Current CPU usage: 5.7%
2024-11-26 05:16:44,194 - INFO - Processed messages: 9.0
2024-11-26 05:16:44,194 - INFO - Active users: 9.0
2024-11-26 05:16:45,316 - INFO - Processed message ID: 46, Sentiment: POSITIVE, Topic: еда
2024-11-26 05:16:46,318 - INFO - Current CPU usage: 5.7%
2024-11-26 05:16:46,318 - INFO - Processed messages: 10.0
2024-11-26 05:16:46,318 - INFO - Active users: 10.0
2024-11-26 05:16:47,462 - INFO - Processed message ID: 45, Sentiment: NEGATIVE, Topic: еда
2024-11-26 05:16:48,462 - INFO - Current CPU usage: 25.4%
2024-11-26 05:16:48,462 - INFO - Processed messages: 11.0
2024-11-26 05:16:48,462 - INFO - Active users: 11.0
2024-11-26 05:16:49,628 - INFO - Processed message ID: 43, Sentiment: POSITIVE, Topic: еда
2024-11-26 05:16:50,629 - INFO - Current CPU usage: 5.4%
2024-11-26 05:16:50,629 - INFO - Processed messages: 12.0
2024-11-26 05:16:50,629 - INFO - Active users: 12.0
2024-11-26 05:16:51,912 - INFO - Processed message ID: 42, Sentiment: POSITIVE, Topic: еда
2024-11-26 05:16:52,913 - INFO - Current CPU usage: 5.3%
2024-11-26 05:16:52,913 - INFO - Processed messages: 13.0
2024-11-26 05:16:52,913 - INFO - Active users: 13.0
2024-11-26 05:16:54,077 - INFO - Processed message ID: 41, Sentiment: POSITIVE, Topic: еда
2024-11-26 05:16:55,079 - INFO - Current CPU usage: 5.1%
2024-11-26 05:16:55,079 - INFO - Processed messages: 14.0
2024-11-26 05:16:55,079 - INFO - Active users: 14.0
2024-11-26 05:16:56,469 - INFO - Processed message ID: 35, Sentiment: POSITIVE, Topic: спорт
2024-11-26 05:16:57,470 - INFO - Current CPU usage: 5.0%
2024-11-26 05:16:57,470 - INFO - Processed messages: 15.0
2024-11-26 05:16:57,470 - INFO - Active users: 15.0
2024-11-26 05:16:58,897 - INFO - Processed message ID: 34, Sentiment: NEGATIVE, Topic: еда
2024-11-26 05:16:59,899 - INFO - Current CPU usage: 6.0%
2024-11-26 05:16:59,899 - INFO - Processed messages: 16.0
2024-11-26 05:16:59,899 - INFO - Active users: 16.0
2024-11-26 05:17:01,057 - INFO - Processed message ID: 25, Sentiment: POSITIVE, Topic: еда
2024-11-26 05:17:02,058 - INFO - Current CPU usage: 6.5%
2024-11-26 05:17:02,058 - INFO - Processed messages: 17.0
2024-11-26 05:17:02,058 - INFO - Active users: 17.0
2024-11-26 05:17:03,197 - INFO - Processed message ID: 24, Sentiment: NEGATIVE, Topic: еда
2024-11-26 05:17:04,198 - INFO - Current CPU usage: 3.8%
2024-11-26 05:17:04,198 - INFO - Processed messages: 18.0
2024-11-26 05:17:04,198 - INFO - Active users: 18.0
2024-11-26 05:17:05,382 - INFO - Processed message ID: 23, Sentiment: POSITIVE, Topic: путешествия
2024-11-26 05:17:06,383 - INFO - Current CPU usage: 8.3%
2024-11-26 05:17:06,383 - INFO - Processed messages: 19.0
2024-11-26 05:17:06,383 - INFO - Active users: 19.0
2024-11-26 05:17:08,289 - INFO - Processed message ID: 22, Sentiment: NEGATIVE, Topic: мода
2024-11-26 05:17:09,291 - INFO - Current CPU usage: 4.7%
2024-11-26 05:17:09,291 - INFO - Processed messages: 20.0
2024-11-26 05:17:09,291 - INFO - Active users: 20.0
2024-11-26 05:17:10,458 - INFO - Processed message ID: 20, Sentiment: POSITIVE, Topic: еда
2024-11-26 05:17:11,459 - INFO - Current CPU usage: 5.5%
2024-11-26 05:17:11,459 - INFO - Processed messages: 21.0
2024-11-26 05:17:11,459 - INFO - Active users: 21.0
2024-11-26 05:17:12,718 - INFO - Processed message ID: 19, Sentiment: POSITIVE, Topic: политика
2024-11-26 05:17:13,719 - INFO - Current CPU usage: 6.2%
2024-11-26 05:17:13,719 - INFO - Processed messages: 22.0
2024-11-26 05:17:13,719 - INFO - Active users: 22.0
2024-11-26 05:17:14,837 - INFO - Processed message ID: 18, Sentiment: POSITIVE, Topic: еда
2024-11-26 05:17:15,838 - INFO - Current CPU usage: 5.5%
2024-11-26 05:17:15,838 - INFO - Processed messages: 23.0
2024-11-26 05:17:15,838 - INFO - Active users: 23.0
2024-11-26 05:17:17,435 - INFO - Processed message ID: 17, Sentiment: NEGATIVE, Topic: технологии
2024-11-26 05:17:18,436 - INFO - Current CPU usage: 4.5%
2024-11-26 05:17:18,436 - INFO - Processed messages: 24.0
2024-11-26 05:17:18,436 - INFO - Active users: 24.0
2024-11-26 05:17:19,574 - INFO - Processed message ID: 16, Sentiment: POSITIVE, Topic: мода
2024-11-26 05:17:20,576 - INFO - Current CPU usage: 7.0%
2024-11-26 05:17:20,576 - INFO - Processed messages: 25.0
2024-11-26 05:17:20,576 - INFO - Active users: 25.0
2024-11-26 05:17:21,764 - INFO - Processed message ID: 15, Sentiment: POSITIVE, Topic: мода
2024-11-26 05:17:22,766 - INFO - Current CPU usage: 4.9%
2024-11-26 05:17:22,766 - INFO - Processed messages: 26.0
2024-11-26 05:17:22,766 - INFO - Active users: 26.0
2024-11-26 05:17:24,223 - INFO - Processed message ID: 14, Sentiment: NEGATIVE, Topic: еда
2024-11-26 05:17:25,224 - INFO - Current CPU usage: 5.7%
2024-11-26 05:17:25,224 - INFO - Processed messages: 27.0
2024-11-26 05:17:25,224 - INFO - Active users: 27.0
2024-11-26 05:17:27,069 - INFO - Processed message ID: 13, Sentiment: NEGATIVE, Topic: политика
2024-11-26 05:17:28,070 - INFO - Current CPU usage: 5.3%
2024-11-26 05:17:28,070 - INFO - Processed messages: 28.0
2024-11-26 05:17:28,070 - INFO - Active users: 28.0
2024-11-26 05:17:29,700 - INFO - Processed message ID: 11, Sentiment: POSITIVE, Topic: еда
2024-11-26 05:17:30,701 - INFO - Current CPU usage: 5.4%
2024-11-26 05:17:30,701 - INFO - Processed messages: 29.0
2024-11-26 05:17:30,701 - INFO - Active users: 29.0
2024-11-26 05:17:31,972 - INFO - Processed message ID: 10, Sentiment: POSITIVE, Topic: еда
2024-11-26 05:17:32,974 - INFO - Current CPU usage: 5.7%
2024-11-26 05:17:32,974 - INFO - Processed messages: 30.0
2024-11-26 05:17:32,974 - INFO - Active users: 30.0
2024-11-26 05:17:34,280 - INFO - Processed message ID: 9, Sentiment: NEGATIVE, Topic: еда
2024-11-26 05:17:35,281 - INFO - Current CPU usage: 4.4%
2024-11-26 05:17:35,281 - INFO - Processed messages: 31.0
2024-11-26 05:17:35,281 - INFO - Active users: 31.0
2024-11-26 05:17:36,875 - INFO - Processed message ID: 8, Sentiment: NEGATIVE, Topic: еда
2024-11-26 05:17:37,876 - INFO - Current CPU usage: 6.6%
2024-11-26 05:17:37,876 - INFO - Processed messages: 32.0
2024-11-26 05:17:37,876 - INFO - Active users: 32.0
2024-11-26 05:17:39,152 - INFO - Processed message ID: 7, Sentiment: POSITIVE, Topic: путешествия
2024-11-26 05:17:40,153 - INFO - Current CPU usage: 6.8%
2024-11-26 05:17:40,153 - INFO - Processed messages: 33.0
2024-11-26 05:17:40,153 - INFO - Active users: 33.0
2024-11-26 05:17:41,392 - INFO - Processed message ID: 6, Sentiment: POSITIVE, Topic: еда
2024-11-26 05:17:42,393 - INFO - Current CPU usage: 7.1%
2024-11-26 05:17:42,393 - INFO - Processed messages: 34.0
2024-11-26 05:17:42,393 - INFO - Active users: 34.0
2024-11-26 05:17:43,549 - INFO - Processed message ID: 3, Sentiment: POSITIVE, Topic: еда
2024-11-26 05:17:44,550 - INFO - Current CPU usage: 5.8%
2024-11-26 05:17:44,550 - INFO - Processed messages: 35.0
2024-11-26 05:17:44,550 - INFO - Active users: 35.0
2024-11-26 05:17:46,099 - INFO - Processed message ID: 2, Sentiment: POSITIVE, Topic: путешествия
2024-11-26 05:17:47,100 - INFO - Current CPU usage: 6.0%
2024-11-26 05:17:47,100 - INFO - Processed messages: 36.0
2024-11-26 05:17:47,100 - INFO - Active users: 36.0
2024-11-26 05:17:47,101 - INFO - NetworkTask stopped
2024-11-26 05:17:47,101 - INFO - PingTask stopped
2024-11-26 05:17:47,102 - INFO - Disconnected
2024-11-26 05:17:47,102 - INFO - Session stopped
2024-11-26 05:17:47,102 - INFO - Connecting...
2024-11-26 05:17:47,103 - INFO - Connected! Production DC2 - IPv4
2024-11-26 05:17:47,103 - INFO - NetworkTask started
2024-11-26 05:17:47,648 - INFO - Saved last_saved_id: 58
2024-11-26 05:17:47,665 - INFO - Stopped 16 HandlerTasks
2024-11-26 05:17:47,667 - INFO - NetworkTask stopped
2024-11-26 05:17:47,667 - INFO - Disconnected
2024-11-26 05:17:47,667 - INFO - Session stopped
2024-11-26 05:19:32,049 - INFO - Connecting...
2024-11-26 05:19:32,049 - INFO - Connected! Production DC2 - IPv4
2024-11-26 05:19:32,050 - INFO - NetworkTask started
2024-11-26 05:19:32,770 - INFO - Session initialized: Layer 158
2024-11-26 05:19:32,770 - INFO - Device: CPython 3.12.5 - Pyrogram 2.0.106
2024-11-26 05:19:32,770 - INFO - System: Windows 11 (en)
2024-11-26 05:19:32,770 - INFO - Session started
2024-11-26 05:19:32,772 - INFO - PingTask started
2024-11-26 05:19:32,961 - INFO - Started 16 HandlerTasks
2024-11-26 05:19:33,117 - INFO - Active users: 0.0
2024-11-26 05:19:34,333 - INFO - Processed message ID: 58, Sentiment: POSITIVE, Topic: еда
2024-11-26 05:19:35,334 - INFO - Current CPU usage: 4.8%
2024-11-26 05:19:35,334 - INFO - Processed messages: 0.0
2024-11-26 05:19:35,364 - INFO - Active users: 1.0
2024-11-26 05:19:36,474 - INFO - Processed message ID: 57, Sentiment: POSITIVE, Topic: еда
2024-11-26 05:19:37,475 - INFO - Current CPU usage: 5.8%
2024-11-26 05:19:37,475 - INFO - Processed messages: 1.0
2024-11-26 05:19:38,706 - INFO - Processed message ID: 56, Sentiment: POSITIVE, Topic: политика
2024-11-26 05:19:39,707 - INFO - Current CPU usage: 6.0%
2024-11-26 05:19:39,707 - INFO - Processed messages: 2.0
2024-11-26 05:19:40,797 - INFO - Processed message ID: 55, Sentiment: POSITIVE, Topic: еда
2024-11-26 05:19:41,798 - INFO - Current CPU usage: 6.0%
2024-11-26 05:19:41,798 - INFO - Processed messages: 3.0
2024-11-26 05:19:42,912 - INFO - Processed message ID: 54, Sentiment: NEGATIVE, Topic: еда
2024-11-26 05:19:43,912 - INFO - Current CPU usage: 7.1%
2024-11-26 05:19:43,912 - INFO - Processed messages: 4.0
2024-11-26 05:19:45,210 - INFO - Processed message ID: 53, Sentiment: NEGATIVE, Topic: еда
2024-11-26 05:19:46,211 - INFO - Current CPU usage: 4.8%
2024-11-26 05:19:46,211 - INFO - Processed messages: 5.0
2024-11-26 05:19:47,639 - INFO - Processed message ID: 52, Sentiment: NEGATIVE, Topic: еда
2024-11-26 05:19:48,639 - INFO - Current CPU usage: 9.1%
2024-11-26 05:19:48,639 - INFO - Processed messages: 6.0
2024-11-26 05:19:49,829 - INFO - Processed message ID: 51, Sentiment: POSITIVE, Topic: спорт
2024-11-26 05:19:50,831 - INFO - Current CPU usage: 7.3%
2024-11-26 05:19:50,831 - INFO - Processed messages: 7.0
2024-11-26 05:19:51,897 - INFO - Processed message ID: 50, Sentiment: POSITIVE, Topic: еда
2024-11-26 05:19:52,898 - INFO - Current CPU usage: 5.9%
2024-11-26 05:19:52,898 - INFO - Processed messages: 8.0
2024-11-26 05:19:54,055 - INFO - Processed message ID: 49, Sentiment: NEGATIVE, Topic: мода
2024-11-26 05:19:55,056 - INFO - Current CPU usage: 6.1%
2024-11-26 05:19:55,056 - INFO - Processed messages: 9.0
2024-11-26 05:19:56,150 - INFO - Processed message ID: 46, Sentiment: POSITIVE, Topic: еда
2024-11-26 05:19:57,151 - INFO - Current CPU usage: 5.2%
2024-11-26 05:19:57,151 - INFO - Processed messages: 10.0
2024-11-26 05:19:58,283 - INFO - Processed message ID: 45, Sentiment: NEGATIVE, Topic: еда
2024-11-26 05:19:59,284 - INFO - Current CPU usage: 6.5%
2024-11-26 05:19:59,284 - INFO - Processed messages: 11.0
2024-11-26 05:20:00,370 - INFO - Processed message ID: 43, Sentiment: POSITIVE, Topic: еда
2024-11-26 05:20:01,371 - INFO - Current CPU usage: 7.5%
2024-11-26 05:20:01,371 - INFO - Processed messages: 12.0
2024-11-26 05:20:02,474 - INFO - Processed message ID: 42, Sentiment: POSITIVE, Topic: еда
2024-11-26 05:20:03,476 - INFO - Current CPU usage: 8.2%
2024-11-26 05:20:03,476 - INFO - Processed messages: 13.0
2024-11-26 05:20:04,581 - INFO - Processed message ID: 41, Sentiment: POSITIVE, Topic: еда
2024-11-26 05:20:05,582 - INFO - Current CPU usage: 6.7%
2024-11-26 05:20:05,582 - INFO - Processed messages: 14.0
2024-11-26 05:20:06,949 - INFO - Processed message ID: 35, Sentiment: POSITIVE, Topic: спорт
2024-11-26 05:20:07,950 - INFO - Current CPU usage: 5.2%
2024-11-26 05:20:07,950 - INFO - Processed messages: 15.0
2024-11-26 05:20:09,237 - INFO - Processed message ID: 34, Sentiment: NEGATIVE, Topic: еда
2024-11-26 05:20:10,238 - INFO - Current CPU usage: 5.5%
2024-11-26 05:20:10,238 - INFO - Processed messages: 16.0
2024-11-26 05:20:11,367 - INFO - Processed message ID: 25, Sentiment: POSITIVE, Topic: еда
2024-11-26 05:20:12,369 - INFO - Current CPU usage: 7.2%
2024-11-26 05:20:12,369 - INFO - Processed messages: 17.0
2024-11-26 05:20:13,576 - INFO - Processed message ID: 24, Sentiment: NEGATIVE, Topic: еда
2024-11-26 05:20:14,577 - INFO - Current CPU usage: 5.9%
2024-11-26 05:20:14,577 - INFO - Processed messages: 18.0
2024-11-26 05:20:15,827 - INFO - Processed message ID: 23, Sentiment: POSITIVE, Topic: путешествия
2024-11-26 05:20:16,828 - INFO - Current CPU usage: 5.1%
2024-11-26 05:20:16,828 - INFO - Processed messages: 19.0
2024-11-26 05:20:18,554 - INFO - Processed message ID: 22, Sentiment: NEGATIVE, Topic: мода
2024-11-26 05:20:19,555 - INFO - Current CPU usage: 5.3%
2024-11-26 05:20:19,555 - INFO - Processed messages: 20.0
2024-11-26 05:20:20,736 - INFO - Processed message ID: 20, Sentiment: POSITIVE, Topic: еда
2024-11-26 05:20:21,737 - INFO - Current CPU usage: 6.9%
2024-11-26 05:20:21,737 - INFO - Processed messages: 21.0
2024-11-26 05:20:23,072 - INFO - Processed message ID: 19, Sentiment: POSITIVE, Topic: политика
2024-11-26 05:20:24,074 - INFO - Current CPU usage: 4.7%
2024-11-26 05:20:24,074 - INFO - Processed messages: 22.0
2024-11-26 05:20:25,185 - INFO - Processed message ID: 18, Sentiment: POSITIVE, Topic: еда
2024-11-26 05:20:26,186 - INFO - Current CPU usage: 5.2%
2024-11-26 05:20:26,186 - INFO - Processed messages: 23.0
2024-11-26 05:20:27,838 - INFO - Processed message ID: 17, Sentiment: NEGATIVE, Topic: технологии
2024-11-26 05:20:28,839 - INFO - Current CPU usage: 6.0%
2024-11-26 05:20:28,839 - INFO - Processed messages: 24.0
2024-11-26 05:20:30,003 - INFO - Processed message ID: 16, Sentiment: POSITIVE, Topic: мода
2024-11-26 05:20:31,004 - INFO - Current CPU usage: 5.9%
2024-11-26 05:20:31,004 - INFO - Processed messages: 25.0
2024-11-26 05:20:32,207 - INFO - Processed message ID: 15, Sentiment: POSITIVE, Topic: мода
2024-11-26 05:20:33,207 - INFO - Current CPU usage: 5.6%
2024-11-26 05:20:33,207 - INFO - Processed messages: 26.0
2024-11-26 05:20:34,682 - INFO - Processed message ID: 14, Sentiment: NEGATIVE, Topic: еда
2024-11-26 05:20:35,683 - INFO - Current CPU usage: 5.2%
2024-11-26 05:20:35,683 - INFO - Processed messages: 27.0
2024-11-26 05:20:37,328 - INFO - Processed message ID: 13, Sentiment: NEGATIVE, Topic: политика
2024-11-26 05:20:38,329 - INFO - Current CPU usage: 5.7%
2024-11-26 05:20:38,329 - INFO - Processed messages: 28.0
2024-11-26 05:20:39,829 - INFO - Processed message ID: 11, Sentiment: POSITIVE, Topic: еда
2024-11-26 05:20:40,830 - INFO - Current CPU usage: 5.6%
2024-11-26 05:20:40,830 - INFO - Processed messages: 29.0
2024-11-26 05:20:42,047 - INFO - Processed message ID: 10, Sentiment: POSITIVE, Topic: еда
2024-11-26 05:20:43,049 - INFO - Current CPU usage: 4.5%
2024-11-26 05:20:43,049 - INFO - Processed messages: 30.0
2024-11-26 05:20:44,297 - INFO - Processed message ID: 9, Sentiment: NEGATIVE, Topic: еда
2024-11-26 05:20:45,299 - INFO - Current CPU usage: 6.6%
2024-11-26 05:20:45,299 - INFO - Processed messages: 31.0
2024-11-26 05:20:46,867 - INFO - Processed message ID: 8, Sentiment: NEGATIVE, Topic: еда
2024-11-26 05:20:47,868 - INFO - Current CPU usage: 7.0%
2024-11-26 05:20:47,868 - INFO - Processed messages: 32.0
2024-11-26 05:20:49,171 - INFO - Processed message ID: 7, Sentiment: POSITIVE, Topic: путешествия
2024-11-26 05:20:50,173 - INFO - Current CPU usage: 5.8%
2024-11-26 05:20:50,173 - INFO - Processed messages: 33.0
2024-11-26 05:20:51,263 - INFO - Processed message ID: 6, Sentiment: POSITIVE, Topic: еда
2024-11-26 05:20:52,264 - INFO - Current CPU usage: 6.2%
2024-11-26 05:20:52,264 - INFO - Processed messages: 34.0
2024-11-26 05:20:52,294 - INFO - Active users: 35.0
2024-11-26 05:20:53,383 - INFO - Processed message ID: 3, Sentiment: POSITIVE, Topic: еда
2024-11-26 05:20:54,384 - INFO - Current CPU usage: 5.9%
2024-11-26 05:20:54,384 - INFO - Processed messages: 35.0
2024-11-26 05:20:55,877 - INFO - Processed message ID: 2, Sentiment: POSITIVE, Topic: путешествия
2024-11-26 05:20:56,878 - INFO - Current CPU usage: 7.1%
2024-11-26 05:20:56,878 - INFO - Processed messages: 36.0
2024-11-26 05:20:56,878 - INFO - NetworkTask stopped
2024-11-26 05:20:56,879 - INFO - PingTask stopped
2024-11-26 05:20:56,880 - INFO - Disconnected
2024-11-26 05:20:56,880 - INFO - Session stopped
2024-11-26 05:20:56,880 - INFO - Connecting...
2024-11-26 05:20:56,881 - INFO - Connected! Production DC2 - IPv4
2024-11-26 05:20:56,881 - INFO - NetworkTask started
2024-11-26 05:20:57,426 - INFO - Saved last_saved_id: 58
2024-11-26 05:20:57,444 - INFO - Stopped 16 HandlerTasks
2024-11-26 05:20:57,444 - INFO - NetworkTask stopped
2024-11-26 05:20:57,445 - INFO - Disconnected
2024-11-26 05:20:57,445 - INFO - Session stopped
2025-01-17 19:50:24,212 - INFO - Connecting...
2025-01-17 19:50:24,213 - INFO - Connected! Production DC2 - IPv4
2025-01-17 19:50:24,213 - INFO - NetworkTask started
2025-01-17 19:50:26,218 - INFO - NetworkTask stopped
2025-01-17 19:50:26,218 - INFO - Disconnected
2025-01-17 19:50:26,218 - INFO - Session stopped
2025-01-17 19:50:26,218 - INFO - Connecting...
2025-01-17 19:50:26,218 - INFO - Connected! Production DC2 - IPv4
2025-01-17 19:50:26,219 - INFO - NetworkTask started
2025-01-17 19:50:27,124 - INFO - Session initialized: Layer 158
2025-01-17 19:50:27,124 - INFO - Device: CPython 3.12.5 - Pyrogram 2.0.106
2025-01-17 19:50:27,124 - INFO - System: Windows 11 (en)
2025-01-17 19:50:27,124 - INFO - Session started
2025-01-17 19:50:27,126 - INFO - PingTask started
2025-01-17 19:50:27,380 - INFO - Started 16 HandlerTasks
2025-01-17 19:50:27,719 - INFO - Active users: 1.0
2025-01-17 19:50:31,131 - INFO - Processed message ID: 75, Sentiment: NEGATIVE, Topic: еда
2025-01-17 19:50:32,133 - INFO - Current CPU usage: 26.0%
2025-01-17 19:50:32,133 - INFO - Processed messages: 0.0
2025-01-17 19:50:34,084 - INFO - Processed message ID: 74, Sentiment: POSITIVE, Topic: развлечения
2025-01-17 19:50:35,085 - INFO - Current CPU usage: 22.3%
2025-01-17 19:50:35,085 - INFO - Processed messages: 1.0
2025-01-17 19:50:36,655 - INFO - Processed message ID: 73, Sentiment: POSITIVE, Topic: еда
2025-01-17 19:50:37,655 - INFO - Current CPU usage: 24.5%
2025-01-17 19:50:37,655 - INFO - Processed messages: 2.0
2025-01-17 19:50:39,427 - INFO - Processed message ID: 72, Sentiment: NEGATIVE, Topic: путешествия
2025-01-17 19:50:40,428 - INFO - Current CPU usage: 23.3%
2025-01-17 19:50:40,428 - INFO - Processed messages: 3.0
2025-01-17 19:50:42,576 - INFO - Processed message ID: 71, Sentiment: POSITIVE, Topic: технологии
2025-01-17 19:50:43,577 - INFO - Current CPU usage: 23.6%
2025-01-17 19:50:43,577 - INFO - Processed messages: 4.0
2025-01-17 19:50:45,082 - INFO - Processed message ID: 70, Sentiment: POSITIVE, Topic: путешествия
2025-01-17 19:50:46,083 - INFO - Current CPU usage: 20.1%
2025-01-17 19:50:46,083 - INFO - Processed messages: 5.0
2025-01-17 19:50:47,731 - INFO - Processed message ID: 69, Sentiment: POSITIVE, Topic: путешествия
2025-01-17 19:50:48,732 - INFO - Current CPU usage: 26.1%
2025-01-17 19:50:48,732 - INFO - Processed messages: 6.0
2025-01-17 19:50:50,377 - INFO - Processed message ID: 68, Sentiment: NEGATIVE, Topic: путешествия
2025-01-17 19:50:51,378 - INFO - Current CPU usage: 22.5%
2025-01-17 19:50:51,378 - INFO - Processed messages: 7.0
2025-01-17 19:50:53,034 - INFO - Processed message ID: 67, Sentiment: NEGATIVE, Topic: путешествия
2025-01-17 19:50:54,035 - INFO - Current CPU usage: 21.0%
2025-01-17 19:50:54,035 - INFO - Processed messages: 8.0
2025-01-17 19:50:55,512 - INFO - Processed message ID: 66, Sentiment: POSITIVE, Topic: спорт
2025-01-17 19:50:56,513 - INFO - Current CPU usage: 23.4%
2025-01-17 19:50:56,513 - INFO - Processed messages: 9.0
2025-01-17 19:50:57,968 - INFO - Processed message ID: 65, Sentiment: NEGATIVE, Topic: еда
2025-01-17 19:50:58,968 - INFO - Current CPU usage: 29.1%
2025-01-17 19:50:58,968 - INFO - Processed messages: 10.0
2025-01-17 19:51:00,761 - INFO - Processed message ID: 64, Sentiment: NEGATIVE, Topic: спорт
2025-01-17 19:51:01,762 - INFO - Current CPU usage: 23.2%
2025-01-17 19:51:01,762 - INFO - Processed messages: 11.0
2025-01-17 19:51:03,484 - INFO - Processed message ID: 63, Sentiment: POSITIVE, Topic: спорт
2025-01-17 19:51:04,485 - INFO - Current CPU usage: 23.1%
2025-01-17 19:51:04,485 - INFO - Processed messages: 12.0
2025-01-17 19:51:07,206 - INFO - Processed message ID: 62, Sentiment: NEGATIVE, Topic: спорт
2025-01-17 19:51:08,207 - INFO - Current CPU usage: 29.4%
2025-01-17 19:51:08,207 - INFO - Processed messages: 13.0
2025-01-17 19:51:10,916 - INFO - Processed message ID: 61, Sentiment: NEGATIVE, Topic: политика
2025-01-17 19:51:11,917 - INFO - Current CPU usage: 29.4%
2025-01-17 19:51:11,917 - INFO - Processed messages: 14.0
2025-01-17 19:51:15,463 - INFO - Processed message ID: 59, Sentiment: NEGATIVE, Topic: развлечения
2025-01-17 19:51:16,464 - INFO - Current CPU usage: 23.3%
2025-01-17 19:51:16,464 - INFO - Processed messages: 15.0
2025-01-17 19:51:16,465 - INFO - NetworkTask stopped
2025-01-17 19:51:16,465 - INFO - PingTask stopped
2025-01-17 19:51:16,465 - INFO - Disconnected
2025-01-17 19:51:16,465 - INFO - Session stopped
2025-01-17 19:51:16,465 - INFO - Connecting...
2025-01-17 19:51:16,466 - INFO - Connected! Production DC2 - IPv4
2025-01-17 19:51:16,466 - INFO - NetworkTask started
2025-01-17 19:51:17,088 - INFO - Saved last_saved_id: 75
2025-01-17 19:51:17,114 - INFO - Discarding packet: The msg_id is lower than all the stored values
2025-01-17 19:51:17,114 - INFO - Stopped 16 HandlerTasks
2025-01-17 19:51:17,115 - INFO - NetworkTask stopped
2025-01-17 19:51:17,115 - INFO - Disconnected
2025-01-17 19:51:17,115 - INFO - Disconnected
2025-01-17 19:51:17,115 - INFO - Session stopped
2025-01-17 19:51:17,115 - INFO - Send exception: ConnectionResetError Connection lost
2025-01-17 19:51:17,115 - INFO - Disconnected
2025-01-17 19:51:17,115 - INFO - Session stopped
2025-01-17 19:51:17,115 - INFO - Connecting...
